  Transition system    : Projective
  Parser configuration : Stack
  Feature model        : eng-liblinear.xml
  Classifier           : liblinear
  Data Format          : /engmalt.linear-1.7/conllx.xml
Parsing time: 00:00:32 (32599 ms)
  Transition system    : Projective
  Parser configuration : Stack
  Feature model        : eng-liblinear.xml
  Classifier           : liblinear
  Data Format          : /engmalt.linear-1.7/conllx.xml
  Transition system    : Projective
  Parser configuration : Stack
  Feature model        : eng-liblinear.xml
  Classifier           : liblinear
  Data Format          : /engmalt.linear-1.7/conllx.xml
Parsing time: 00:00:32 (32090 ms)
  Transition system    : Projective
  Parser configuration : Stack
  Feature model        : eng-liblinear.xml
  Classifier           : liblinear
  Data Format          : /engmalt.linear-1.7/conllx.xml
Parsing time: 00:00:33 (33110 ms)
  Transition system    : Projective
  Parser configuration : Stack
  Feature model        : eng-liblinear.xml
  Classifier           : liblinear
  Data Format          : /engmalt.linear-1.7/conllx.xml
Parsing time: 00:00:33 (33431 ms)
  Transition system    : Projective
  Parser configuration : Stack
  Feature model        : eng-liblinear.xml
  Classifier           : liblinear
  Data Format          : /engmalt.linear-1.7/conllx.xml
Parsing time: 00:03:11 (191567 ms)
  Transition system    : Projective
  Parser configuration : Stack
  Feature model        : eng-liblinear.xml
  Classifier           : liblinear
  Data Format          : /engmalt.linear-1.7/conllx.xml
Parsing time: 00:00:31 (31802 ms)
  Transition system    : Projective
  Parser configuration : Stack
  Feature model        : eng-liblinear.xml
  Classifier           : liblinear
  Data Format          : /engmalt.linear-1.7/conllx.xml
Parsing time: 00:00:33 (33853 ms)
  Transition system    : Projective
  Parser configuration : Stack
  Feature model        : eng-liblinear.xml
  Classifier           : liblinear
  Data Format          : /engmalt.linear-1.7/conllx.xml
  Transition system    : Projective
  Parser configuration : Stack
  Feature model        : eng-liblinear.xml
  Classifier           : liblinear
  Data Format          : /engmalt.linear-1.7/conllx.xml
  Transition system    : Projective
  Parser configuration : Stack
  Feature model        : eng-liblinear.xml
  Classifier           : liblinear
  Data Format          : /engmalt.linear-1.7/conllx.xml
  Transition system    : Projective
  Parser configuration : Stack
  Feature model        : eng-liblinear.xml
  Classifier           : liblinear
  Data Format          : /engmalt.linear-1.7/conllx.xml
  Transition system    : Projective
  Parser configuration : Stack
  Feature model        : eng-liblinear.xml
  Classifier           : liblinear
  Data Format          : /engmalt.linear-1.7/conllx.xml
  Transition system    : Projective
  Parser configuration : Stack
  Feature model        : eng-liblinear.xml
  Classifier           : liblinear
  Data Format          : /engmalt.linear-1.7/conllx.xml
Parsing time: 00:03:14 (194530 ms)
  Transition system    : Projective
  Parser configuration : Stack
  Feature model        : eng-liblinear.xml
  Classifier           : liblinear
  Data Format          : /engmalt.linear-1.7/conllx.xml
Parsing time: 00:00:31 (31445 ms)
  Transition system    : Projective
  Parser configuration : Stack
  Feature model        : eng-liblinear.xml
  Classifier           : liblinear
  Data Format          : /engmalt.linear-1.7/conllx.xml
Parsing time: 00:02:25 (145875 ms)
  Transition system    : Projective
  Parser configuration : Stack
  Feature model        : eng-liblinear.xml
  Classifier           : liblinear
  Data Format          : /engmalt.linear-1.7/conllx.xml
Parsing time: 00:02:26 (146004 ms)
  Transition system    : Projective
  Parser configuration : Stack
  Feature model        : eng-liblinear.xml
  Classifier           : liblinear
  Data Format          : /engmalt.linear-1.7/conllx.xml
Parsing time: 00:02:37 (157854 ms)
  Transition system    : Projective
  Parser configuration : Stack
  Feature model        : eng-liblinear.xml
  Classifier           : liblinear
  Data Format          : /engmalt.linear-1.7/conllx.xml
Parsing time: 00:02:39 (159681 ms)
  Transition system    : Projective
  Parser configuration : Stack
  Feature model        : eng-liblinear.xml
  Classifier           : liblinear
  Data Format          : /engmalt.linear-1.7/conllx.xml
Parsing time: 00:00:54 (54917 ms)
  Transition system    : Projective
  Parser configuration : Stack
  Feature model        : eng-liblinear.xml
  Classifier           : liblinear
  Data Format          : /engmalt.linear-1.7/conllx.xml
  Transition system    : Projective
  Parser configuration : Stack
  Feature model        : eng-liblinear.xml
  Classifier           : liblinear
  Data Format          : /engmalt.linear-1.7/conllx.xml
  Transition system    : Projective
  Parser configuration : Stack
  Feature model        : eng-liblinear.xml
  Classifier           : liblinear
  Data Format          : /engmalt.linear-1.7/conllx.xml
Parsing time: 00:03:28 (208308 ms)
  Transition system    : Projective
  Parser configuration : Stack
  Feature model        : eng-liblinear.xml
  Classifier           : liblinear
  Data Format          : /engmalt.linear-1.7/conllx.xml
Parsing time: 00:01:31 (91376 ms)
  Transition system    : Projective
  Parser configuration : Stack
  Feature model        : eng-liblinear.xml
  Classifier           : liblinear
  Data Format          : /engmalt.linear-1.7/conllx.xml
  Transition system    : Projective
  Parser configuration : Stack
  Feature model        : eng-liblinear.xml
  Classifier           : liblinear
  Data Format          : /engmalt.linear-1.7/conllx.xml
Parsing time: 00:01:20 (80984 ms)
  Transition system    : Projective
  Parser configuration : Stack
  Feature model        : eng-liblinear.xml
  Classifier           : liblinear
  Data Format          : /engmalt.linear-1.7/conllx.xml
Parsing time: 00:02:12 (132453 ms)
  Transition system    : Projective
  Parser configuration : Stack
  Feature model        : eng-liblinear.xml
  Classifier           : liblinear
  Data Format          : /engmalt.linear-1.7/conllx.xml
  Transition system    : Projective
  Parser configuration : Stack
  Feature model        : eng-liblinear.xml
  Classifier           : liblinear
  Data Format          : /engmalt.linear-1.7/conllx.xml
Parsing time: 00:02:12 (132421 ms)
  Transition system    : Projective
  Parser configuration : Stack
  Feature model        : eng-liblinear.xml
  Classifier           : liblinear
  Data Format          : /engmalt.linear-1.7/conllx.xml
Parsing time: 00:02:16 (136079 ms)
  Transition system    : Projective
  Parser configuration : Stack
  Feature model        : eng-liblinear.xml
  Classifier           : liblinear
  Data Format          : /engmalt.linear-1.7/conllx.xml
Parsing time: 00:02:13 (133155 ms)
  Transition system    : Projective
  Parser configuration : Stack
  Feature model        : eng-liblinear.xml
  Classifier           : liblinear
  Data Format          : /engmalt.linear-1.7/conllx.xml
Parsing time: 00:02:14 (134549 ms)
  Transition system    : Projective
  Parser configuration : Stack
  Feature model        : eng-liblinear.xml
  Classifier           : liblinear
  Data Format          : /engmalt.linear-1.7/conllx.xml
Parsing time: 00:02:16 (136676 ms)
  Transition system    : Projective
  Parser configuration : Stack
  Feature model        : eng-liblinear.xml
  Classifier           : liblinear
  Data Format          : /engmalt.linear-1.7/conllx.xml
Parsing time: 00:02:38 (158965 ms)
  Transition system    : Projective
  Parser configuration : Stack
  Feature model        : eng-liblinear.xml
  Classifier           : liblinear
  Data Format          : /engmalt.linear-1.7/conllx.xml
Parsing time: 00:01:22 (82613 ms)
  Transition system    : Projective
  Parser configuration : Stack
  Feature model        : eng-liblinear.xml
  Classifier           : liblinear
  Data Format          : /engmalt.linear-1.7/conllx.xml
Parsing time: 00:01:29 (89190 ms)
  Transition system    : Projective
  Parser configuration : Stack
  Feature model        : eng-liblinear.xml
  Classifier           : liblinear
  Data Format          : /engmalt.linear-1.7/conllx.xml
Parsing time: 00:01:16 (76319 ms)
  Transition system    : Projective
  Parser configuration : Stack
  Feature model        : eng-liblinear.xml
  Classifier           : liblinear
  Data Format          : /engmalt.linear-1.7/conllx.xml
Parsing time: 00:01:29 (89833 ms)
  Transition system    : Projective
  Parser configuration : Stack
  Feature model        : eng-liblinear.xml
  Classifier           : liblinear
  Data Format          : /engmalt.linear-1.7/conllx.xml
Parsing time: 00:01:21 (81916 ms)
  Transition system    : Projective
  Parser configuration : Stack
  Feature model        : eng-liblinear.xml
  Classifier           : liblinear
  Data Format          : /engmalt.linear-1.7/conllx.xml
Parsing time: 00:01:22 (82216 ms)
  Transition system    : Projective
  Parser configuration : Stack
  Feature model        : eng-liblinear.xml
  Classifier           : liblinear
  Data Format          : /engmalt.linear-1.7/conllx.xml
Parsing time: 00:04:05 (245701 ms)
  Transition system    : Projective
  Parser configuration : Stack
  Feature model        : eng-liblinear.xml
  Classifier           : liblinear
  Data Format          : /engmalt.linear-1.7/conllx.xml
Parsing time: 00:01:06 (66793 ms)
  Transition system    : Projective
  Parser configuration : Stack
  Feature model        : eng-liblinear.xml
  Classifier           : liblinear
  Data Format          : /engmalt.linear-1.7/conllx.xml
Parsing time: 00:01:23 (83236 ms)
  Transition system    : Projective
  Parser configuration : Stack
  Feature model        : eng-liblinear.xml
  Classifier           : liblinear
  Data Format          : /engmalt.linear-1.7/conllx.xml
Parsing time: 00:01:14 (74515 ms)
  Transition system    : Projective
  Parser configuration : Stack
  Feature model        : eng-liblinear.xml
  Classifier           : liblinear
  Data Format          : /engmalt.linear-1.7/conllx.xml
Parsing time: 00:01:20 (80022 ms)
  Transition system    : Projective
  Parser configuration : Stack
  Feature model        : eng-liblinear.xml
  Classifier           : liblinear
  Data Format          : /engmalt.linear-1.7/conllx.xml
Parsing time: 00:01:13 (73123 ms)
  Transition system    : Projective
  Parser configuration : Stack
  Feature model        : eng-liblinear.xml
  Classifier           : liblinear
  Data Format          : /engmalt.linear-1.7/conllx.xml
Parsing time: 00:01:23 (83405 ms)
  Transition system    : Projective
  Parser configuration : Stack
  Feature model        : eng-liblinear.xml
  Classifier           : liblinear
  Data Format          : /engmalt.linear-1.7/conllx.xml
Parsing time: 00:01:22 (82990 ms)
  Transition system    : Projective
  Parser configuration : Stack
  Feature model        : eng-liblinear.xml
  Classifier           : liblinear
  Data Format          : /engmalt.linear-1.7/conllx.xml
Parsing time: 00:01:26 (86028 ms)
  Transition system    : Projective
  Parser configuration : Stack
  Feature model        : eng-liblinear.xml
  Classifier           : liblinear
  Data Format          : /engmalt.linear-1.7/conllx.xml
Parsing time: 00:01:25 (85219 ms)
  Transition system    : Projective
  Parser configuration : Stack
  Feature model        : eng-liblinear.xml
  Classifier           : liblinear
  Data Format          : /engmalt.linear-1.7/conllx.xml
Parsing time: 00:01:11 (71272 ms)
  Transition system    : Projective
  Parser configuration : Stack
  Feature model        : eng-liblinear.xml
  Classifier           : liblinear
  Data Format          : /engmalt.linear-1.7/conllx.xml
Parsing time: 00:01:10 (70887 ms)
  Transition system    : Projective
  Parser configuration : Stack
  Feature model        : eng-liblinear.xml
  Classifier           : liblinear
  Data Format          : /engmalt.linear-1.7/conllx.xml
Parsing time: 00:01:22 (82999 ms)
